\BOOKMARK [-1][-]{part.1}{\376\377\000I\000\040\000M\000a\000t\000h\000e\000m\000a\000t\000i\000c\000s\000\040\000f\000o\000r\000\040\000M\000a\000c\000h\000i\000n\000e\000\040\000L\000e\000a\000r\000n\000i\000n\000g}{}% 1
\BOOKMARK [0][-]{section.0.1}{\376\377\000L\000i\000n\000e\000a\000r\000\040\000A\000l\000g\000e\000b\000r\000a}{part.1}% 2
\BOOKMARK [1][-]{section.0.2}{\376\377\000C\000a\000l\000c\000u\000l\000u\000s}{section.0.1}% 3
\BOOKMARK [1][-]{section.0.3}{\376\377\000P\000r\000o\000b\000a\000b\000i\000l\000i\000t\000y\000\040\000a\000n\000d\000\040\000S\000t\000a\000t\000i\000s\000t\000i\000c\000s}{section.0.1}% 4
\BOOKMARK [-1][-]{part.2}{\376\377\000I\000I\000\040\000M\000a\000t\000h\000e\000m\000a\000t\000i\000c\000s\000\040\000f\000o\000r\000\040\000M\000a\000c\000h\000i\000n\000e\000\040\000L\000e\000a\000r\000n\000i\000n\000g}{}% 5
\BOOKMARK [0][-]{section.0.4}{\376\377\000M\000a\000t\000h\000e\000m\000a\000t\000i\000c\000s\000\040\000f\000o\000r\000\040\000M\000a\000c\000h\000i\000n\000e\000\040\000L\000e\000a\000r\000n\000i\000n\000g\000:\000\040\000L\000i\000n\000e\000a\000r\000\040\000A\000l\000g\000e\000b\000r\000a}{part.2}% 6
\BOOKMARK [1][-]{section.0.5}{\376\377\000M\000a\000t\000h\000e\000m\000a\000t\000i\000c\000s\000\040\000f\000o\000r\000\040\000M\000a\000c\000h\000i\000n\000e\000\040\000L\000e\000a\000r\000n\000i\000n\000g\000:\000\040\000M\000u\000l\000t\000i\000v\000a\000r\000i\000a\000t\000e\000\040\000C\000a\000l\000c\000u\000l\000u\000s}{section.0.4}% 7
\BOOKMARK [1][-]{section.0.6}{\376\377\000M\000a\000t\000h\000e\000m\000a\000t\000i\000c\000s\000\040\000f\000o\000r\000\040\000M\000a\000c\000h\000i\000n\000e\000\040\000L\000e\000a\000r\000n\000i\000n\000i\000g\000:\000\040\000P\000C\000A}{section.0.4}% 8
\BOOKMARK [-1][-]{part.3}{\376\377\000I\000I\000I\000\040\000L\000i\000n\000e\000a\000r\000\040\000A\000l\000g\000e\000b\000r\000a\000\040\000f\000o\000r\000\040\000M\000a\000c\000h\000i\000n\000e\000\040\000L\000e\000a\000r\000n\000i\000n\000g\000\040\000a\000n\000d\000\040\000D\000a\000t\000a\000\040\000S\000c\000i\000e\000n\000c\000e}{}% 9
\BOOKMARK [0][-]{section.0.7}{\376\377\000S\000y\000s\000t\000e\000m\000s\000\040\000o\000f\000\040\000L\000i\000n\000e\000a\000r\000\040\000e\000q\000u\000a\000t\000i\000o\000n\000s}{part.3}% 10
\BOOKMARK [1][-]{section.0.8}{\376\377\000S\000o\000l\000v\000i\000n\000g\000\040\000s\000y\000s\000t\000e\000m\000s\000\040\000o\000f\000\040\000l\000i\000n\000e\000a\000r\000\040\000e\000q\000u\000a\000t\000i\000o\000n\000s}{section.0.7}% 11
\BOOKMARK [1][-]{section.0.9}{\376\377\000V\000e\000c\000t\000o\000r\000s\000\040\000a\000n\000d\000\040\000L\000i\000n\000e\000a\000r\000\040\000T\000r\000a\000n\000s\000f\000o\000r\000m\000a\000t\000i\000o\000n\000s}{section.0.7}% 12
\BOOKMARK [1][-]{section.0.10}{\376\377\000D\000e\000t\000e\000r\000m\000i\000n\000a\000n\000t\000s\000\040\000a\000n\000d\000\040\000E\000i\000g\000e\000n\000v\000e\000c\000t\000o\000r\000s}{section.0.7}% 13
\BOOKMARK [-1][-]{part.4}{\376\377\000I\000V\000\040\000M\000a\000c\000h\000i\000n\000e\000\040\000L\000e\000a\000r\000n\000i\000n\000g\000\040\000S\000p\000e\000c\000i\000a\000l\000i\000s\000a\000t\000i\000o\000n}{}% 14
\BOOKMARK [0][-]{section.0.11}{\376\377\000S\000u\000p\000e\000r\000v\000i\000s\000e\000d\000\040\000M\000a\000c\000h\000i\000n\000e\000\040\000L\000e\000a\000r\000n\000i\000n\000g\000:\000\040\000R\000e\000g\000r\000e\000s\000s\000i\000o\000n\000\040\000a\000n\000d\000\040\000C\000l\000a\000s\000s\000i\000f\000i\000c\000a\000t\000i\000o\000n}{part.4}% 15
\BOOKMARK [1][-]{subsection.0.11.1}{\376\377\000O\000v\000e\000r\000v\000i\000e\000w\000\040\000o\000f\000\040\000m\000a\000c\000h\000i\000n\000e\000\040\000l\000e\000a\000r\000n\000i\000n\000g}{section.0.11}% 16
\BOOKMARK [2][-]{subsection.0.11.2}{\376\377\000S\000u\000p\000e\000r\000v\000i\000s\000e\000d\000\040\000v\000s\000\040\000U\000n\000s\000u\000p\000e\000r\000v\000i\000s\000e\000d\000\040\000M\000a\000c\000h\000i\000n\000e\000\040\000L\000e\000a\000r\000n\000i\000n\000g}{subsection.0.11.1}% 17
\BOOKMARK [2][-]{subsection.0.11.3}{\376\377\000R\000e\000g\000r\000e\000s\000s\000i\000o\000n\000\040\000m\000o\000d\000e\000l}{subsection.0.11.1}% 18
\BOOKMARK [2][-]{subsection.0.11.4}{\376\377\000T\000r\000a\000i\000n\000\040\000t\000h\000e\000\040\000m\000o\000d\000e\000l\000\040\000w\000i\000t\000h\000\040\000g\000r\000a\000d\000i\000e\000n\000t\000\040\000d\000e\000s\000c\000e\000n\000t}{subsection.0.11.1}% 19
\BOOKMARK [2][-]{subsection.0.11.5}{\376\377\000M\000u\000l\000t\000i\000p\000l\000e\000\040\000L\000i\000n\000e\000a\000r\000\040\000R\000e\000g\000r\000e\000s\000s\000i\000o\000n}{subsection.0.11.1}% 20
\BOOKMARK [2][-]{subsection.0.11.6}{\376\377\000G\000r\000a\000d\000i\000e\000n\000t\000\040\000d\000e\000s\000c\000e\000n\000t\000\040\000i\000n\000\040\000p\000r\000a\000c\000t\000i\000c\000e}{subsection.0.11.1}% 21
\BOOKMARK [2][-]{subsection.0.11.7}{\376\377\000C\000l\000a\000s\000s\000i\000f\000i\000c\000a\000t\000i\000o\000n\000\040\000w\000i\000t\000h\000\040\000l\000o\000g\000i\000s\000t\000i\000c\000\040\000r\000e\000g\000r\000e\000s\000s\000i\000o\000n}{subsection.0.11.1}% 22
\BOOKMARK [2][-]{subsection.0.11.8}{\376\377\000C\000o\000s\000t\000\040\000f\000u\000n\000c\000t\000i\000o\000n\000\040\000w\000i\000t\000h\000\040\000l\000o\000g\000i\000s\000t\000i\000c\000\040\000r\000e\000g\000r\000e\000s\000s\000i\000o\000n}{subsection.0.11.1}% 23
\BOOKMARK [2][-]{subsection.0.11.9}{\376\377\000G\000r\000a\000d\000i\000e\000n\000t\000\040\000d\000e\000s\000c\000e\000n\000t\000\040\000f\000o\000r\000\040\000l\000o\000g\000i\000s\000t\000i\000c\000\040\000r\000e\000g\000r\000e\000s\000s\000i\000o\000n}{subsection.0.11.1}% 24
\BOOKMARK [2][-]{subsection.0.11.10}{\376\377\000T\000h\000e\000\040\000p\000r\000o\000b\000l\000e\000m\000\040\000o\000v\000e\000r\000f\000i\000t\000t\000i\000n\000g}{subsection.0.11.1}% 25
\BOOKMARK [1][-]{section.0.12}{\376\377\000A\000d\000v\000a\000n\000c\000e\000d\000\040\000L\000e\000a\000r\000n\000i\000n\000g\000\040\000A\000l\000g\000o\000r\000i\000t\000h\000m\000s}{section.0.11}% 26
\BOOKMARK [2][-]{subsection.0.12.1}{\376\377\000N\000e\000u\000r\000a\000l\000\040\000n\000e\000t\000w\000o\000r\000k\000s\000\040\000i\000n\000t\000u\000i\000t\000i\000o\000n}{section.0.12}% 27
\BOOKMARK [2][-]{subsection.0.12.2}{\376\377\000N\000e\000u\000r\000a\000l\000\040\000n\000e\000t\000w\000o\000r\000k\000\040\000m\000o\000d\000e\000l}{section.0.12}% 28
\BOOKMARK [2][-]{subsection.0.12.3}{\376\377\000T\000e\000n\000s\000o\000r\000F\000l\000o\000w\000\040\000i\000m\000p\000l\000e\000m\000e\000n\000t\000a\000t\000i\000o\000n}{section.0.12}% 29
\BOOKMARK [2][-]{subsection.0.12.4}{\376\377\000N\000e\000u\000r\000a\000l\000\040\000n\000e\000t\000w\000o\000r\000k\000\040\000i\000m\000p\000l\000e\000m\000e\000n\000t\000a\000t\000i\000o\000n\000\040\000i\000n\000\040\000P\000y\000t\000h\000o\000n}{section.0.12}% 30
\BOOKMARK [2][-]{subsection.0.12.5}{\376\377\000S\000p\000e\000c\000u\000l\000a\000t\000i\000o\000n\000s\000\040\000o\000n\000\040\000a\000r\000t\000i\000f\000i\000c\000i\000a\000l\000\040\000g\000e\000n\000e\000r\000a\000l\000\040\000i\000n\000t\000e\000l\000l\000i\000g\000e\000n\000c\000e\000\040\000\050\000A\000G\000I\000\051}{section.0.12}% 31
\BOOKMARK [2][-]{subsection.0.12.6}{\376\377\000V\000e\000c\000t\000o\000r\000i\000s\000a\000t\000i\000o\000n\000\040\000\050\000O\000p\000t\000i\000o\000n\000a\000l\000\051}{section.0.12}% 32
\BOOKMARK [2][-]{subsection.0.12.7}{\376\377\000N\000e\000u\000r\000a\000l\000\040\000N\000e\000t\000w\000o\000r\000k\000\040\000T\000r\000a\000i\000n\000i\000n\000g}{section.0.12}% 33
\BOOKMARK [2][-]{subsection.0.12.8}{\376\377\000A\000c\000t\000i\000v\000a\000t\000i\000o\000n\000\040\000F\000u\000n\000c\000t\000i\000o\000n\000s}{section.0.12}% 34
\BOOKMARK [2][-]{subsection.0.12.9}{\376\377\000M\000u\000l\000t\000i\000c\000l\000a\000s\000s\000\040\000C\000l\000a\000s\000s\000i\000f\000i\000c\000a\000t\000i\000o\000n}{section.0.12}% 35
\BOOKMARK [2][-]{subsection.0.12.10}{\376\377\000A\000d\000d\000i\000t\000i\000o\000n\000a\000l\000\040\000N\000e\000u\000r\000a\000l\000\040\000N\000e\000t\000w\000o\000r\000k\000\040\000C\000o\000n\000c\000e\000p\000t\000s}{section.0.12}% 36
\BOOKMARK [2][-]{subsection.0.12.11}{\376\377\000B\000a\000c\000k\000\040\000P\000r\000o\000p\000a\000g\000a\000t\000i\000o\000n}{section.0.12}% 37
\BOOKMARK [2][-]{subsection.0.12.12}{\376\377\000A\000d\000v\000i\000c\000e\000\040\000f\000o\000r\000\040\000a\000p\000p\000l\000y\000i\000n\000g\000\040\000m\000a\000c\000h\000i\000n\000e\000\040\000l\000e\000a\000r\000n\000i\000n\000g}{section.0.12}% 38
\BOOKMARK [2][-]{subsection.0.12.13}{\376\377\000A\000d\000v\000i\000c\000e\000\040\000f\000o\000r\000\040\000a\000p\000p\000l\000y\000i\000n\000g\000\040\000m\000a\000c\000h\000i\000n\000e\000\040\000l\000e\000a\000r\000n\000i\000n\000i\000g}{section.0.12}% 39
\BOOKMARK [2][-]{subsection.0.12.14}{\376\377\000B\000i\000a\000s\000\040\000a\000n\000d\000\040\000v\000a\000r\000i\000a\000n\000c\000e}{section.0.12}% 40
\BOOKMARK [2][-]{subsection.0.12.15}{\376\377\000M\000a\000c\000h\000i\000n\000e\000\040\000l\000e\000a\000r\000n\000i\000n\000g\000\040\000d\000e\000v\000e\000l\000o\000p\000m\000e\000n\000t\000\040\000p\000r\000o\000c\000e\000s\000s}{section.0.12}% 41
\BOOKMARK [2][-]{subsection.0.12.16}{\376\377\000S\000k\000e\000w\000e\000d\000\040\000d\000a\000t\000a\000s\000e\000t\000s}{section.0.12}% 42
\BOOKMARK [2][-]{subsection.0.12.17}{\376\377\000D\000e\000c\000i\000s\000i\000o\000n\000\040\000T\000r\000e\000e\000s}{section.0.12}% 43
\BOOKMARK [2][-]{subsection.0.12.18}{\376\377\000D\000e\000c\000i\000s\000i\000o\000n\000\040\000T\000r\000e\000e\000\040\000L\000e\000a\000r\000n\000i\000n\000g}{section.0.12}% 44
\BOOKMARK [2][-]{subsection.0.12.19}{\376\377\000T\000r\000e\000e\000\040\000e\000n\000s\000e\000m\000b\000l\000e\000s}{section.0.12}% 45
\BOOKMARK [1][-]{section.0.13}{\376\377\000U\000n\000s\000u\000p\000e\000r\000v\000i\000s\000e\000d\000\040\000L\000e\000a\000r\000n\000i\000n\000g\000,\000\040\000R\000e\000c\000o\000m\000m\000e\000n\000d\000e\000r\000s\000,\000\040\000R\000e\000i\000n\000f\000o\000r\000c\000e\000m\000e\000n\000t\000\040\000L\000e\000a\000r\000n\000i\000n\000g}{section.0.11}% 46
\BOOKMARK [2][-]{subsection.0.13.1}{\376\377\000C\000l\000u\000s\000t\000e\000r\000i\000n\000g}{section.0.13}% 47
\BOOKMARK [2][-]{subsection.0.13.2}{\376\377\000A\000n\000o\000m\000a\000l\000y\000\040\000D\000e\000t\000e\000c\000t\000i\000o\000n}{section.0.13}% 48
\BOOKMARK [2][-]{subsection.0.13.3}{\376\377\000C\000o\000l\000l\000a\000b\000o\000r\000a\000t\000i\000v\000e\000\040\000f\000i\000l\000t\000e\000r\000i\000n\000g}{section.0.13}% 49
\BOOKMARK [2][-]{subsection.0.13.4}{\376\377\000R\000e\000c\000o\000m\000m\000e\000n\000d\000e\000r\000\040\000s\000y\000s\000t\000e\000m\000s\000\040\000i\000m\000p\000l\000e\000m\000e\000n\000t\000a\000t\000i\000o\000n\000\040\000d\000e\000t\000a\000i\000l\000s}{section.0.13}% 50
\BOOKMARK [2][-]{subsection.0.13.5}{\376\377\000C\000o\000n\000t\000e\000n\000t\000-\000b\000a\000s\000e\000d\000\040\000f\000i\000l\000t\000e\000r\000i\000n\000g}{section.0.13}% 51
\BOOKMARK [2][-]{subsection.0.13.6}{\376\377\000P\000r\000i\000n\000c\000i\000p\000a\000l\000\040\000C\000o\000m\000p\000o\000n\000e\000n\000t\000\040\000A\000n\000a\000l\000y\000s\000i\000s}{section.0.13}% 52
\BOOKMARK [2][-]{subsection.0.13.7}{\376\377\000R\000e\000i\000n\000f\000o\000r\000c\000e\000m\000e\000n\000t\000\040\000L\000e\000a\000r\000n\000i\000n\000g\000\040\000i\000n\000t\000r\000o\000d\000u\000c\000t\000i\000o\000n}{section.0.13}% 53
\BOOKMARK [2][-]{subsection.0.13.8}{\376\377\000S\000t\000a\000t\000e\000-\000a\000c\000t\000i\000o\000n\000\040\000v\000a\000l\000u\000e\000\040\000f\000u\000n\000c\000t\000i\000o\000n}{section.0.13}% 54
\BOOKMARK [2][-]{subsection.0.13.9}{\376\377\000C\000o\000n\000t\000i\000n\000u\000o\000u\000s\000\040\000s\000t\000a\000t\000e\000\040\000s\000p\000a\000c\000e\000s}{section.0.13}% 55
\BOOKMARK [-1][-]{part.5}{\376\377\000V\000\040\000D\000e\000e\000p\000\040\000l\000e\000a\000r\000n\000i\000n\000g\000\040\000s\000p\000e\000c\000i\000a\000l\000i\000s\000a\000t\000i\000o\000n}{}% 56
\BOOKMARK [0][-]{section.0.14}{\376\377\000N\000e\000u\000r\000a\000l\000\040\000N\000e\000t\000w\000o\000r\000k\000s\000\040\000a\000n\000d\000\040\000D\000e\000e\000p\000\040\000L\000e\000a\000r\000n\000i\000n\000g}{part.5}% 57
\BOOKMARK [1][-]{subsection.0.14.1}{\376\377\000W\000h\000a\000t\000\040\000i\000s\000\040\000d\000e\000e\000p\000\040\000l\000e\000a\000r\000n\000i\000n\000g\000?}{section.0.14}% 58
\BOOKMARK [2][-]{subsection.0.14.2}{\376\377\000L\000o\000g\000i\000s\000t\000i\000c\000\040\000R\000e\000g\000r\000e\000s\000s\000i\000o\000n\000\040\000a\000s\000\040\000a\000\040\000N\000e\000u\000r\000a\000l\000\040\000N\000e\000t\000w\000o\000r\000k}{subsection.0.14.1}% 59
\BOOKMARK [2][-]{subsection.0.14.3}{\376\377\000P\000y\000t\000h\000o\000n\000\040\000a\000n\000d\000\040\000V\000e\000c\000t\000o\000r\000i\000s\000a\000t\000i\000o\000n}{subsection.0.14.1}% 60
\BOOKMARK [2][-]{subsection.0.14.4}{\376\377\000S\000h\000a\000l\000l\000o\000w\000\040\000N\000e\000u\000r\000a\000l\000\040\000N\000e\000t\000w\000o\000r\000k}{subsection.0.14.1}% 61
\BOOKMARK [2][-]{subsection.0.14.5}{\376\377\000D\000e\000e\000p\000\040\000N\000e\000u\000r\000a\000l\000\040\000N\000e\000t\000w\000o\000r\000k}{subsection.0.14.1}% 62
\BOOKMARK [1][-]{section.0.15}{\376\377\000I\000m\000p\000r\000o\000v\000i\000n\000g\000\040\000D\000e\000e\000p\000\040\000N\000e\000u\000r\000a\000l\000\040\000N\000e\000t\000w\000o\000r\000k\000s\000:\000\040\000H\000y\000p\000e\000r\000p\000a\000r\000a\000m\000e\000t\000e\000r\000\040\000T\000u\000n\000i\000n\000g\000,\000\040\000R\000e\000g\000u\000l\000a\000r\000i\000z\000a\000t\000i\000o\000n\000\040\000a\000n\000d\000\040\000O\000p\000t\000i\000m\000i\000z\000a\000t\000i\000o\000n}{section.0.14}% 63
\BOOKMARK [2][-]{subsection.0.15.1}{\376\377\000S\000t\000r\000u\000c\000t\000u\000r\000i\000n\000g\000\040\000M\000a\000c\000h\000i\000n\000e\000\040\000L\000e\000a\000r\000n\000i\000n\000g\000\040\000P\000r\000o\000j\000e\000c\000t\000s}{section.0.15}% 64
\BOOKMARK [2][-]{subsection.0.15.2}{\376\377\000S\000e\000t\000t\000i\000n\000g\000\040\000u\000p\000\040\000a\000\040\000M\000a\000c\000h\000i\000n\000e\000\040\000L\000e\000a\000r\000n\000i\000n\000g\000\040\000A\000p\000p\000l\000i\000c\000a\000t\000i\000o\000n}{section.0.15}% 65
\BOOKMARK [2][-]{subsection.0.15.3}{\376\377\000R\000e\000g\000u\000l\000a\000r\000i\000s\000i\000n\000g\000\040\000a\000\040\000N\000e\000u\000r\000a\000l\000\040\000N\000e\000t\000w\000o\000r\000k}{section.0.15}% 66
\BOOKMARK [2][-]{subsection.0.15.4}{\376\377\000S\000e\000t\000t\000i\000n\000g\000\040\000u\000p\000\040\000a\000\040\000O\000p\000t\000i\000m\000i\000s\000a\000t\000i\000o\000n\000\040\000P\000r\000o\000b\000l\000e\000m}{section.0.15}% 67
\BOOKMARK [2][-]{subsection.0.15.5}{\376\377\000O\000p\000t\000i\000m\000i\000s\000a\000t\000i\000o\000n\000\040\000A\000l\000g\000o\000r\000i\000t\000h\000m\000s}{section.0.15}% 68
\BOOKMARK [2][-]{subsection.0.15.6}{\376\377\000H\000y\000p\000e\000r\000p\000a\000r\000a\000m\000e\000t\000e\000r\000\040\000T\000u\000n\000i\000n\000g}{section.0.15}% 69
\BOOKMARK [2][-]{subsection.0.15.7}{\376\377\000B\000a\000t\000c\000h\000\040\000N\000o\000r\000m\000a\000l\000i\000s\000a\000t\000i\000o\000n}{section.0.15}% 70
\BOOKMARK [2][-]{subsection.0.15.8}{\376\377\000M\000u\000l\000t\000i\000-\000C\000l\000a\000s\000s\000\040\000C\000l\000a\000s\000s\000i\000f\000i\000c\000a\000t\000i\000o\000n}{section.0.15}% 71
\BOOKMARK [2][-]{subsection.0.15.9}{\376\377\000I\000n\000t\000r\000o\000d\000u\000c\000t\000i\000o\000n\000\040\000t\000o\000\040\000P\000r\000o\000g\000r\000a\000m\000m\000i\000n\000g\000\040\000F\000r\000a\000m\000e\000w\000o\000r\000k\000s}{section.0.15}% 72
\BOOKMARK [1][-]{section.0.16}{\376\377\000C\000o\000n\000v\000o\000l\000u\000t\000i\000o\000n\000\040\000N\000e\000u\000r\000a\000l\000\040\000N\000e\000t\000w\000o\000r\000k\000s}{section.0.14}% 73
\BOOKMARK [2][-]{subsection.0.16.1}{\376\377\000C\000o\000n\000v\000o\000l\000u\000t\000i\000o\000n\000a\000l\000\040\000N\000e\000u\000r\000a\000l\000\040\000N\000e\000t\000w\000o\000r\000k\000s}{section.0.16}% 74
\BOOKMARK [2][-]{subsection.0.16.2}{\376\377\000D\000e\000e\000p\000\040\000C\000o\000n\000v\000o\000l\000u\000t\000i\000o\000n\000a\000l\000\040\000M\000o\000d\000e\000l\000s\000:\000\040\000C\000a\000s\000e\000\040\000S\000t\000u\000d\000i\000e\000s}{section.0.16}% 75
\BOOKMARK [2][-]{subsection.0.16.3}{\376\377\000D\000e\000t\000e\000c\000t\000i\000o\000n\000\040\000A\000l\000g\000o\000r\000i\000t\000h\000m\000s}{section.0.16}% 76
\BOOKMARK [2][-]{subsection.0.16.4}{\376\377\000F\000a\000c\000e\000\040\000R\000e\000c\000o\000g\000n\000i\000t\000i\000o\000n}{section.0.16}% 77
\BOOKMARK [2][-]{subsection.0.16.5}{\376\377\000N\000e\000u\000r\000a\000l\000\040\000S\000t\000y\000l\000e\000\040\000T\000r\000a\000n\000s\000f\000e\000r}{section.0.16}% 78
\BOOKMARK [1][-]{section.0.17}{\376\377\000S\000e\000q\000u\000e\000n\000c\000e\000\040\000M\000o\000d\000e\000l\000s}{section.0.14}% 79
\BOOKMARK [2][-]{subsection.0.17.1}{\376\377\000R\000e\000c\000u\000r\000r\000e\000n\000t\000\040\000N\000e\000u\000r\000a\000l\000\040\000N\000e\000t\000w\000o\000r\000k\000s}{section.0.17}% 80
\BOOKMARK [2][-]{subsection.0.17.2}{\376\377\000I\000n\000t\000r\000o\000d\000u\000c\000t\000i\000o\000n\000\040\000t\000o\000\040\000W\000o\000r\000d\000\040\000E\000m\000b\000e\000d\000d\000i\000n\000g\000s}{section.0.17}% 81
\BOOKMARK [2][-]{subsection.0.17.3}{\376\377\000L\000e\000a\000r\000n\000i\000n\000g\000\040\000W\000o\000r\000d\000\040\000E\000m\000b\000e\000d\000d\000i\000n\000g\000s\000:\000\040\000W\000o\000r\000d\0002\000v\000e\000c\000\040\000a\000n\000d\000\040\000G\000l\000o\000V\000e}{section.0.17}% 82
\BOOKMARK [2][-]{subsection.0.17.4}{\376\377\000A\000p\000p\000l\000i\000c\000a\000t\000i\000o\000n\000s\000\040\000u\000s\000i\000n\000g\000\040\000W\000o\000r\000d\000\040\000E\000m\000b\000e\000d\000d\000i\000n\000g\000s}{section.0.17}% 83
\BOOKMARK [2][-]{subsection.0.17.5}{\376\377\000S\000e\000q\000u\000e\000n\000c\000e\000\040\000M\000o\000d\000e\000l\000s\000\040\000a\000n\000d\000\040\000A\000t\000t\000e\000n\000t\000i\000o\000n\000\040\000M\000e\000c\000h\000a\000n\000i\000s\000m}{section.0.17}% 84
\BOOKMARK [2][-]{subsection.0.17.6}{\376\377\000T\000r\000a\000n\000s\000f\000o\000r\000m\000e\000r\000\040\000N\000e\000t\000w\000o\000r\000k}{section.0.17}% 85
\BOOKMARK [-1][-]{part.6}{\376\377\000V\000I\000\040\000G\000e\000n\000e\000r\000a\000t\000i\000v\000e\000\040\000A\000d\000v\000e\000r\000s\000e\000r\000i\000a\000l\000\040\000N\000e\000t\000w\000o\000r\000k\000s\000\040\000\050\000G\000A\000N\000s\000\051\000\040\000S\000p\000e\000c\000i\000a\000l\000i\000s\000a\000t\000i\000o\000n}{}% 86
\BOOKMARK [0][-]{section.0.18}{\376\377\000B\000u\000i\000l\000d\000\040\000B\000a\000s\000i\000c\000\040\000G\000e\000n\000e\000r\000a\000t\000i\000v\000e\000\040\000A\000d\000v\000e\000r\000s\000a\000r\000i\000a\000l\000\040\000N\000e\000t\000w\000o\000r\000k\000s}{part.6}% 87
\BOOKMARK [1][-]{subsection.0.18.1}{\376\377\000I\000n\000t\000r\000o\000\040\000T\000o\000\040\000G\000A\000N\000s}{section.0.18}% 88
\BOOKMARK [2][-]{subsection.0.18.2}{\376\377\000D\000e\000e\000p\000\040\000C\000o\000n\000v\000o\000l\000u\000t\000i\000o\000n\000a\000l\000\040\000G\000A\000N\000s}{subsection.0.18.1}% 89
\BOOKMARK [2][-]{subsection.0.18.3}{\376\377\000W\000a\000s\000s\000e\000r\000s\000t\000e\000i\000n\000\040\000G\000A\000N\000s\000\040\000w\000i\000t\000h\000\040\000G\000r\000a\000d\000i\000e\000n\000t\000\040\000P\000e\000n\000a\000l\000t\000y}{subsection.0.18.1}% 90
\BOOKMARK [2][-]{subsection.0.18.4}{\376\377\000C\000o\000n\000d\000i\000t\000i\000o\000n\000a\000l\000\040\000G\000A\000N\000\040\000a\000n\000d\000\040\000C\000o\000n\000t\000r\000o\000l\000l\000a\000b\000l\000e\000\040\000G\000e\000n\000e\000r\000a\000t\000i\000o\000n}{subsection.0.18.1}% 91
\BOOKMARK [1][-]{section.0.19}{\376\377\000B\000u\000i\000l\000d\000\040\000B\000e\000t\000t\000e\000r\000\040\000G\000e\000n\000e\000r\000a\000t\000i\000v\000e\000\040\000A\000d\000v\000e\000r\000s\000a\000r\000i\000a\000l\000\040\000N\000e\000t\000w\000o\000r\000k\000s}{section.0.18}% 92
\BOOKMARK [2][-]{subsection.0.19.1}{\376\377\000E\000v\000a\000l\000u\000a\000t\000i\000o\000n\000\040\000o\000f\000\040\000G\000A\000N\000s}{section.0.19}% 93
\BOOKMARK [2][-]{subsection.0.19.2}{\376\377\000G\000A\000N\000\040\000D\000i\000s\000a\000d\000v\000a\000n\000t\000a\000g\000e\000s\000\040\000a\000n\000d\000\040\000B\000i\000a\000s}{section.0.19}% 94
\BOOKMARK [2][-]{subsection.0.19.3}{\376\377\000S\000t\000y\000l\000e\000G\000A\000N\000\040\000a\000n\000d\000\040\000A\000d\000v\000a\000n\000c\000e\000m\000e\000n\000t\000s}{section.0.19}% 95
\BOOKMARK [1][-]{section.0.20}{\376\377\000A\000p\000p\000l\000y\000\040\000G\000e\000n\000e\000r\000a\000t\000i\000v\000e\000\040\000A\000d\000v\000e\000r\000s\000e\000r\000i\000a\000l\000\040\000N\000e\000t\000w\000o\000r\000k\000s}{section.0.18}% 96
\BOOKMARK [2][-]{subsection.0.20.1}{\376\377\000G\000A\000N\000s\000\040\000f\000o\000r\000\040\000D\000a\000t\000a\000\040\000A\000u\000g\000m\000e\000n\000t\000a\000t\000i\000o\000n\000\040\000a\000n\000d\000\040\000P\000r\000i\000v\000a\000c\000y}{section.0.20}% 97
\BOOKMARK [2][-]{subsection.0.20.2}{\376\377\000I\000m\000a\000g\000e\000-\000t\000o\000-\000I\000m\000a\000g\000e\000\040\000T\000r\000a\000n\000s\000l\000a\000t\000i\000o\000n\000\040\000w\000i\000t\000h\000\040\000P\000i\000x\0002\000P\000i\000x}{section.0.20}% 98
\BOOKMARK [2][-]{subsection.0.20.3}{\376\377\000U\000n\000p\000a\000i\000r\000e\000d\000\040\000T\000r\000a\000n\000s\000l\000a\000t\000i\000o\000n\000\040\000w\000i\000t\000h\000\040\000C\000y\000c\000l\000e\000G\000A\000N}{section.0.20}% 99
\BOOKMARK [-1][-]{part.7}{\376\377\000V\000I\000I\000\040\000N\000a\000t\000u\000r\000a\000l\000\040\000L\000a\000n\000g\000u\000a\000g\000e\000\040\000P\000r\000o\000c\000e\000s\000s\000i\000n\000g\000\040\000S\000p\000e\000c\000i\000a\000l\000i\000s\000a\000t\000i\000o\000n}{}% 100
\BOOKMARK [0][-]{section.0.21}{\376\377\000N\000a\000t\000u\000r\000a\000l\000\040\000L\000a\000n\000g\000u\000a\000g\000e\000\040\000P\000r\000o\000c\000e\000s\000s\000i\000n\000g\000\040\000w\000i\000t\000h\000\040\000C\000l\000a\000s\000s\000i\000f\000i\000c\000a\000t\000i\000o\000n\000\040\000a\000n\000d\000\040\000V\000e\000c\000t\000o\000r\000\040\000S\000p\000a\000c\000e\000s}{part.7}% 101
\BOOKMARK [1][-]{subsection.0.21.1}{\376\377\000S\000e\000n\000t\000i\000m\000e\000n\000t\000\040\000A\000n\000a\000l\000y\000s\000i\000s\000\040\000w\000i\000t\000h\000\040\000L\000o\000g\000i\000s\000t\000i\000c\000\040\000R\000e\000g\000r\000e\000s\000s\000i\000o\000n}{section.0.21}% 102
\BOOKMARK [2][-]{subsection.0.21.2}{\376\377\000S\000e\000n\000t\000i\000m\000e\000n\000t\000\040\000A\000n\000a\000l\000y\000s\000i\000s\000\040\000w\000i\000t\000h\000\040\000N\000a\000i\000v\000e\000\040\000B\000a\000y\000e\000s}{subsection.0.21.1}% 103
\BOOKMARK [2][-]{subsection.0.21.3}{\376\377\000V\000e\000c\000t\000o\000r\000\040\000S\000p\000a\000c\000e\000\040\000M\000o\000d\000e\000l\000s}{subsection.0.21.1}% 104
\BOOKMARK [2][-]{subsection.0.21.4}{\376\377\000M\000a\000c\000h\000i\000n\000e\000\040\000T\000r\000a\000n\000s\000l\000a\000t\000i\000o\000n\000\040\000a\000n\000d\000\040\000D\000o\000c\000u\000m\000e\000n\000t\000\040\000S\000e\000a\000r\000c\000h}{subsection.0.21.1}% 105
\BOOKMARK [1][-]{section.0.22}{\376\377\000N\000a\000t\000u\000r\000a\000l\000\040\000L\000a\000n\000g\000u\000a\000g\000e\000\040\000P\000r\000o\000c\000e\000s\000s\000i\000n\000g\000\040\000w\000i\000t\000h\000\040\000P\000r\000o\000b\000a\000b\000i\000l\000i\000t\000s\000i\000c\000\040\000M\000o\000d\000e\000l\000s}{section.0.21}% 106
\BOOKMARK [2][-]{subsection.0.22.1}{\376\377\000A\000u\000t\000o\000c\000o\000r\000r\000e\000c\000t}{section.0.22}% 107
\BOOKMARK [2][-]{subsection.0.22.2}{\376\377\000P\000a\000r\000t\000\040\000o\000f\000\040\000S\000p\000e\000e\000c\000h\000\040\000T\000a\000g\000g\000i\000n\000g\000\040\000a\000n\000d\000\040\000H\000i\000d\000d\000e\000n\000\040\000M\000a\000r\000k\000o\000v\000\040\000M\000o\000d\000e\000l\000s}{section.0.22}% 108
\BOOKMARK [2][-]{subsection.0.22.3}{\376\377\000A\000u\000t\000o\000c\000o\000m\000p\000l\000e\000t\000e\000\040\000a\000n\000d\000\040\000L\000a\000n\000g\000u\000a\000g\000e\000\040\000M\000o\000d\000e\000l\000s}{section.0.22}% 109
\BOOKMARK [2][-]{subsection.0.22.4}{\376\377\000W\000o\000r\000d\000\040\000e\000m\000b\000e\000d\000d\000i\000n\000g\000s\000\040\000w\000i\000t\000h\000\040\000n\000e\000u\000r\000a\000l\000\040\000n\000e\000t\000w\000o\000r\000k\000s}{section.0.22}% 110
\BOOKMARK [1][-]{section.0.23}{\376\377\000N\000a\000t\000u\000r\000a\000l\000\040\000L\000a\000n\000g\000u\000a\000g\000e\000\040\000P\000r\000o\000c\000e\000s\000s\000i\000n\000g\000\040\000w\000i\000t\000h\000\040\000S\000e\000q\000u\000e\000n\000c\000e\000\040\000M\000o\000d\000e\000l\000s}{section.0.21}% 111
\BOOKMARK [2][-]{subsection.0.23.1}{\376\377\000R\000e\000c\000u\000r\000r\000e\000n\000t\000\040\000N\000e\000u\000r\000a\000l\000\040\000N\000e\000t\000w\000o\000r\000k\000\040\000f\000o\000r\000\040\000L\000a\000n\000g\000u\000a\000g\000e\000\040\000M\000o\000d\000e\000l\000i\000n\000g}{section.0.23}% 112
\BOOKMARK [2][-]{subsection.0.23.2}{\376\377\000L\000S\000T\000M\000s\000\040\000a\000n\000d\000\040\000N\000a\000m\000e\000d\000\040\000E\000n\000t\000i\000t\000y\000\040\000R\000e\000c\000o\000g\000n\000i\000t\000i\000o\000n}{section.0.23}% 113
\BOOKMARK [2][-]{subsection.0.23.3}{\376\377\000S\000i\000a\000m\000e\000s\000e\000\040\000N\000e\000t\000w\000o\000r\000k\000s}{section.0.23}% 114
\BOOKMARK [1][-]{section.0.24}{\376\377\000N\000a\000t\000u\000r\000a\000l\000\040\000L\000a\000n\000g\000u\000a\000g\000e\000\040\000P\000r\000o\000c\000e\000s\000s\000i\000n\000g\000\040\000w\000i\000t\000h\000\040\000A\000t\000t\000e\000n\000t\000i\000o\000n\000\040\000M\000o\000d\000e\000l\000s}{section.0.21}% 115
\BOOKMARK [2][-]{subsection.0.24.1}{\376\377\000N\000e\000u\000r\000a\000l\000\040\000M\000a\000c\000h\000i\000n\000e\000\040\000T\000r\000a\000n\000s\000l\000a\000t\000i\000o\000n}{section.0.24}% 116
\BOOKMARK [2][-]{subsection.0.24.2}{\376\377\000T\000e\000x\000t\000\040\000S\000u\000m\000m\000a\000r\000i\000s\000a\000t\000i\000o\000n}{section.0.24}% 117
\BOOKMARK [2][-]{subsection.0.24.3}{\376\377\000Q\000u\000e\000s\000t\000i\000o\000n\000\040\000A\000n\000s\000w\000e\000r\000i\000n\000g}{section.0.24}% 118
\BOOKMARK [-1][-]{part.8}{\376\377\000V\000I\000I\000I\000\040\000A\000I\000\040\000f\000o\000r\000\040\000S\000c\000i\000e\000n\000t\000i\000f\000i\000c\000\040\000R\000e\000s\000e\000a\000r\000c\000h\000\040\000S\000p\000e\000c\000i\000a\000l\000i\000s\000a\000t\000i\000o\000n}{}% 119
\BOOKMARK [0][-]{section.0.25}{\376\377\000I\000n\000t\000r\000o\000d\000u\000c\000t\000i\000o\000n\000\040\000t\000o\000\040\000D\000a\000t\000a\000\040\000S\000c\000i\000e\000n\000c\000e\000\040\000a\000n\000d\000\040\000s\000c\000i\000k\000i\000t\000-\000l\000e\000a\000r\000n\000\040\000i\000n\000\040\000P\000y\000t\000h\000o\000n}{part.8}% 120
\BOOKMARK [1][-]{subsection.0.25.1}{\376\377\000I\000n\000t\000r\000o\000d\000u\000c\000t\000i\000o\000n\000\040\000t\000o\000\040\000P\000y\000t\000h\000o\000n\000\040\000P\000r\000o\000g\000r\000a\000m\000m\000i\000n\000g\000\040\000f\000o\000r\000\040\000H\000y\000p\000o\000t\000h\000e\000s\000i\000s\000\040\000T\000e\000s\000t\000i\000n\000g}{section.0.25}% 121
\BOOKMARK [2][-]{subsection.0.25.2}{\376\377\000C\000r\000e\000a\000t\000i\000n\000g\000\040\000a\000\040\000H\000y\000p\000o\000t\000h\000e\000s\000i\000s\000:\000\040\000N\000u\000m\000p\000y\000,\000\040\000P\000a\000n\000d\000a\000s\000\040\000a\000n\000d\000\040\000S\000c\000i\000k\000i\000t\000-\000L\000e\000a\000r\000n}{subsection.0.25.1}% 122
\BOOKMARK [2][-]{subsection.0.25.3}{\376\377\000S\000c\000i\000k\000i\000t\000-\000L\000e\000a\000r\000n\000:\000\040\000M\000L\000\040\000f\000o\000r\000\040\000H\000y\000p\000o\000t\000h\000e\000s\000i\000s\000\040\000T\000e\000s\000t\000i\000n\000g}{subsection.0.25.1}% 123
\BOOKMARK [2][-]{subsection.0.25.4}{\376\377\000U\000s\000i\000n\000g\000\040\000C\000l\000a\000s\000s\000i\000f\000i\000c\000a\000t\000i\000o\000n\000\040\000t\000o\000\040\000P\000r\000e\000d\000i\000c\000t\000\040\000t\000h\000e\000\040\000P\000r\000e\000s\000e\000n\000c\000e\000\040\000o\000f\000\040\000H\000e\000a\000r\000t\000\040\000D\000i\000s\000e\000a\000s\000e}{subsection.0.25.1}% 124
\BOOKMARK [1][-]{section.0.26}{\376\377\000M\000a\000c\000h\000i\000n\000e\000\040\000L\000e\000a\000r\000n\000i\000n\000g\000\040\000M\000o\000d\000e\000l\000s\000\040\000i\000n\000\040\000S\000c\000i\000e\000n\000c\000e}{section.0.25}% 125
\BOOKMARK [2][-]{subsection.0.26.1}{\376\377\000B\000e\000f\000o\000r\000e\000\040\000t\000h\000e\000\040\000A\000I\000:\000\040\000P\000r\000e\000p\000a\000r\000i\000n\000g\000\040\000a\000n\000d\000\040\000P\000r\000e\000p\000r\000o\000c\000e\000s\000s\000i\000n\000g\000\040\000D\000a\000t\000a}{section.0.26}% 126
\BOOKMARK [2][-]{subsection.0.26.2}{\376\377\000F\000o\000u\000n\000d\000a\000t\000i\000o\000n\000a\000l\000\040\000A\000I\000\040\000A\000l\000g\000o\000r\000i\000t\000h\000m\000s\000:\000\040\000K\000-\000M\000e\000a\000n\000s\000\040\000a\000n\000d\000\040\000S\000V\000M}{section.0.26}% 127
\BOOKMARK [2][-]{subsection.0.26.3}{\376\377\000A\000d\000v\000a\000n\000v\000e\000d\000\040\000A\000I\000:\000\040\000N\000e\000u\000r\000a\000l\000\040\000N\000e\000t\000o\000w\000o\000r\000k\000s\000\040\000a\000n\000d\000\040\000D\000e\000c\000i\000s\000i\000o\000n\000\040\000T\000r\000e\000e\000s}{section.0.26}% 128
\BOOKMARK [1][-]{section.0.27}{\376\377\000N\000e\000u\000r\000a\000l\000\040\000N\000e\000t\000w\000o\000r\000k\000s\000\040\000a\000n\000d\000\040\000R\000a\000n\000d\000o\000m\000\040\000F\000o\000r\000e\000s\000t\000s}{section.0.25}% 129
\BOOKMARK [2][-]{subsection.0.27.1}{\376\377\000I\000n\000t\000r\000o\000d\000u\000c\000t\000i\000o\000n\000\040\000t\000o\000\040\000N\000e\000u\000r\000a\000l\000\040\000N\000e\000t\000w\000o\000r\000k\000s}{section.0.27}% 130
\BOOKMARK [2][-]{subsection.0.27.2}{\376\377\000D\000e\000e\000p\000\040\000D\000i\000v\000e\000\040\000i\000n\000t\000o\000\040\000N\000e\000u\000r\000a\000l\000\040\000N\000e\000t\000w\000o\000r\000k\000s}{section.0.27}% 131
\BOOKMARK [2][-]{subsection.0.27.3}{\376\377\000E\000x\000p\000l\000o\000r\000i\000n\000g\000\040\000R\000a\000n\000d\000o\000m\000\040\000F\000o\000r\000e\000s\000t\000s}{section.0.27}% 132
\BOOKMARK [1][-]{section.0.28}{\376\377\000P\000r\000o\000j\000e\000c\000t}{section.0.25}% 133
